<?xml version="1.0" encoding="UTF-8"?>
<testsuite xmlns:xsi="http://www.w3.org/2001/XMLSchema-instance" xsi:noNamespaceSchemaLocation="https://maven.apache.org/surefire/maven-surefire-plugin/xsd/surefire-test-report.xsd" name="Lesson_6.features.NavigationTest" time="94.003" tests="9" errors="9" skipped="0" failures="0">
  <properties>
[...]
</properties>
  <testcase name="checkMainNavigationTabsTest{NavigationBarTabs}[1]" classname="Lesson_6.features.NavigationTest" time="10.455">
    <error type="java.lang.NullPointerException">java.lang.NullPointerException
	at Lesson_6.features.NavigationTest.checkMainNavigationTabsTest(NavigationTest.java:18)
</error>
    <system-err><![CDATA[[main] INFO io.github.bonigarcia.wdm.WebDriverManager - Using chromedriver 91.0.4472.101 (resolved driver for Chrome 91)
[main] INFO io.github.bonigarcia.wdm.WebDriverManager - Exporting webdriver.chrome.driver as /Users/user/.cache/selenium/chromedriver/mac64/91.0.4472.101/chromedriver
Starting ChromeDriver 91.0.4472.101 (af52a90bf87030dd1523486a1cd3ae25c5d76c9b-refs/branch-heads/4472@{#1462}) on port 21353
Only local connections are allowed.
Please see https://chromedriver.chromium.org/security-considerations for suggestions on keeping ChromeDriver safe.
ChromeDriver was started successfully.
июл 15, 2021 11:57:27 AM org.openqa.selenium.remote.ProtocolHandshake createSession
INFO: Detected dialect: W3C
]]></system-err>
  </testcase>
  <testcase name="checkMainNavigationTabsTest{NavigationBarTabs}[2]" classname="Lesson_6.features.NavigationTest" time="10.513">
    <error type="java.lang.NullPointerException">java.lang.NullPointerException
	at Lesson_6.features.NavigationTest.checkMainNavigationTabsTest(NavigationTest.java:18)
</error>
    <system-err><![CDATA[Starting ChromeDriver 91.0.4472.101 (af52a90bf87030dd1523486a1cd3ae25c5d76c9b-refs/branch-heads/4472@{#1462}) on port 41288
Only local connections are allowed.
Please see https://chromedriver.chromium.org/security-considerations for suggestions on keeping ChromeDriver safe.
ChromeDriver was started successfully.
июл 15, 2021 11:57:37 AM org.openqa.selenium.remote.ProtocolHandshake createSession
INFO: Detected dialect: W3C
]]></system-err>
  </testcase>
  <testcase name="checkMainNavigationTabsTest{NavigationBarTabs}[3]" classname="Lesson_6.features.NavigationTest" time="12.505">
    <error type="java.lang.NullPointerException">java.lang.NullPointerException
	at Lesson_6.features.NavigationTest.checkMainNavigationTabsTest(NavigationTest.java:18)
</error>
    <system-err><![CDATA[Starting ChromeDriver 91.0.4472.101 (af52a90bf87030dd1523486a1cd3ae25c5d76c9b-refs/branch-heads/4472@{#1462}) on port 40011
Only local connections are allowed.
Please see https://chromedriver.chromium.org/security-considerations for suggestions on keeping ChromeDriver safe.
ChromeDriver was started successfully.
июл 15, 2021 11:57:47 AM org.openqa.selenium.remote.ProtocolHandshake createSession
INFO: Detected dialect: W3C
]]></system-err>
  </testcase>
  <testcase name="checkMainNavigationTabsTest{NavigationBarTabs}[4]" classname="Lesson_6.features.NavigationTest" time="10.185">
    <error type="java.lang.NullPointerException">java.lang.NullPointerException
	at Lesson_6.features.NavigationTest.checkMainNavigationTabsTest(NavigationTest.java:18)
</error>
    <system-err><![CDATA[Starting ChromeDriver 91.0.4472.101 (af52a90bf87030dd1523486a1cd3ae25c5d76c9b-refs/branch-heads/4472@{#1462}) on port 32535
Only local connections are allowed.
Please see https://chromedriver.chromium.org/security-considerations for suggestions on keeping ChromeDriver safe.
ChromeDriver was started successfully.
июл 15, 2021 11:58:00 AM org.openqa.selenium.remote.ProtocolHandshake createSession
INFO: Detected dialect: W3C
]]></system-err>
  </testcase>
  <testcase name="checkMainNavigationTabsTest{NavigationBarTabs}[5]" classname="Lesson_6.features.NavigationTest" time="10.462">
    <error type="java.lang.NullPointerException">java.lang.NullPointerException
	at Lesson_6.features.NavigationTest.checkMainNavigationTabsTest(NavigationTest.java:18)
</error>
    <system-err><![CDATA[Starting ChromeDriver 91.0.4472.101 (af52a90bf87030dd1523486a1cd3ae25c5d76c9b-refs/branch-heads/4472@{#1462}) on port 30277
Only local connections are allowed.
Please see https://chromedriver.chromium.org/security-considerations for suggestions on keeping ChromeDriver safe.
ChromeDriver was started successfully.
июл 15, 2021 11:58:10 AM org.openqa.selenium.remote.ProtocolHandshake createSession
INFO: Detected dialect: W3C
]]></system-err>
  </testcase>
  <testcase name="checkMainNavigationTabsTest{NavigationBarTabs}[6]" classname="Lesson_6.features.NavigationTest" time="9.972">
    <error type="java.lang.NullPointerException">java.lang.NullPointerException
	at Lesson_6.features.NavigationTest.checkMainNavigationTabsTest(NavigationTest.java:18)
</error>
    <system-err><![CDATA[Starting ChromeDriver 91.0.4472.101 (af52a90bf87030dd1523486a1cd3ae25c5d76c9b-refs/branch-heads/4472@{#1462}) on port 47672
Only local connections are allowed.
Please see https://chromedriver.chromium.org/security-considerations for suggestions on keeping ChromeDriver safe.
ChromeDriver was started successfully.
июл 15, 2021 11:58:20 AM org.openqa.selenium.remote.ProtocolHandshake createSession
INFO: Detected dialect: W3C
]]></system-err>
  </testcase>
  <testcase name="checkMainNavigationTabsTest{NavigationBarTabs}[7]" classname="Lesson_6.features.NavigationTest" time="10.004">
    <error type="java.lang.NullPointerException">java.lang.NullPointerException
	at Lesson_6.features.NavigationTest.checkMainNavigationTabsTest(NavigationTest.java:18)
</error>
    <system-err><![CDATA[Starting ChromeDriver 91.0.4472.101 (af52a90bf87030dd1523486a1cd3ae25c5d76c9b-refs/branch-heads/4472@{#1462}) on port 4890
Only local connections are allowed.
Please see https://chromedriver.chromium.org/security-considerations for suggestions on keeping ChromeDriver safe.
ChromeDriver was started successfully.
июл 15, 2021 11:58:31 AM org.openqa.selenium.remote.ProtocolHandshake createSession
INFO: Detected dialect: W3C
]]></system-err>
  </testcase>
  <testcase name="checkMainNavigationTabsTest{NavigationBarTabs}[8]" classname="Lesson_6.features.NavigationTest" time="8.652">
    <error type="java.lang.NullPointerException">java.lang.NullPointerException
	at Lesson_6.features.NavigationTest.checkMainNavigationTabsTest(NavigationTest.java:18)
</error>
    <system-err><![CDATA[Starting ChromeDriver 91.0.4472.101 (af52a90bf87030dd1523486a1cd3ae25c5d76c9b-refs/branch-heads/4472@{#1462}) on port 35388
Only local connections are allowed.
Please see https://chromedriver.chromium.org/security-considerations for suggestions on keeping ChromeDriver safe.
ChromeDriver was started successfully.
июл 15, 2021 11:58:41 AM org.openqa.selenium.remote.ProtocolHandshake createSession
INFO: Detected dialect: W3C
]]></system-err>
  </testcase>
  <testcase name="checkMainNavigationTabsTest{NavigationBarTabs}[9]" classname="Lesson_6.features.NavigationTest" time="10.634">
    <error type="java.lang.NullPointerException">java.lang.NullPointerException
	at Lesson_6.features.NavigationTest.checkMainNavigationTabsTest(NavigationTest.java:18)
</error>
    <system-err><![CDATA[Starting ChromeDriver 91.0.4472.101 (af52a90bf87030dd1523486a1cd3ae25c5d76c9b-refs/branch-heads/4472@{#1462}) on port 30667
Only local connections are allowed.
Please see https://chromedriver.chromium.org/security-considerations for suggestions on keeping ChromeDriver safe.
ChromeDriver was started successfully.
июл 15, 2021 11:58:49 AM org.openqa.selenium.remote.ProtocolHandshake createSession
INFO: Detected dialect: W3C
]]></system-err>
  </testcase>
</testsuite>